<?xml version="1.0" encoding="UTF-8"?>
<!-- Generated by org.testng.reporters.JUnitReportReporter -->
<testsuite hostname="DESKTOP-KOJOBGV" failures="0" tests="4" name="com.mohs10.scripts.HomeTest" time="67.110" errors="0" timestamp="2023-04-26T16:11:54 IST" skipped="0">
  <testcase classname="com.mohs10.scripts.HomeTest" name="LoginTestCase2" time="14.407"/>
  <system-out/>
  <testcase classname="com.mohs10.scripts.HomeTest" name="LoginTestCase" time="17.259"/>
  <system-out/>
  <testcase classname="com.mohs10.scripts.HomeTest" name="LoginTestCase2" time="14.456"/>
  <system-out/>
  <testcase classname="com.mohs10.scripts.HomeTest" name="LoginTestCase" time="20.988"/>
  <system-out/>
</testsuite> <!-- com.mohs10.scripts.HomeTest -->
